#
# There is insufficient memory for the Java Runtime Environment to continue.
# Native memory allocation (malloc) failed to allocate 32744 bytes for ChunkPool::allocate
# Possible reasons:
#   The system is out of physical RAM or swap space
#   In 32 bit mode, the process size limit was hit
# Possible solutions:
#   Reduce memory load on the system
#   Increase physical memory or swap space
#   Check if swap backing store is full
#   Use 64 bit Java on a 64 bit OS
#   Decrease Java heap size (-Xmx/-Xms)
#   Decrease number of Java threads
#   Decrease Java thread stack sizes (-Xss)
#   Set larger code cache with -XX:ReservedCodeCacheSize=
# This output file may be truncated or incomplete.
#
#  Out of Memory Error (allocation.cpp:273), pid=1012, tid=0x0000000000002a44
#
# JRE version: Java(TM) SE Runtime Environment (8.0_111-b14) (build 1.8.0_111-b14)
# Java VM: Java HotSpot(TM) 64-Bit Server VM (25.111-b14 mixed mode windows-amd64 compressed oops)
# Failed to write core dump. Minidumps are not enabled by default on client versions of Windows
#

---------------  T H R E A D  ---------------

Current thread (0x000000000313e000):  JavaThread "main" [_thread_in_vm, id=10820, stack(0x0000000002f40000,0x0000000003040000)]

Stack: [0x0000000002f40000,0x0000000003040000]
[error occurred during error reporting (printing stack bounds), id 0xc0000005]

Native frames: (J=compiled Java code, j=interpreted, Vv=VM code, C=native code)

Java frames: (J=compiled Java code, j=interpreted, Vv=VM code)
j  java.lang.Throwable.fillInStackTrace(I)Ljava/lang/Throwable;+0
j  java.lang.Throwable.fillInStackTrace()Ljava/lang/Throwable;+16
j  java.lang.Throwable.<init>(Ljava/lang/String;Ljava/lang/Throwable;)V+24
j  java.lang.Exception.<init>(Ljava/lang/String;Ljava/lang/Throwable;)V+3
j  java.lang.ReflectiveOperationException.<init>(Ljava/lang/String;Ljava/lang/Throwable;)V+3
j  java.lang.ClassNotFoundException.<init>(Ljava/lang/String;)V+3
j  java.net.URLClassLoader.findClass(Ljava/lang/String;)Ljava/lang/Class;+41
J 181 C1 java.lang.ClassLoader.loadClass(Ljava/lang/String;Z)Ljava/lang/Class; (122 bytes) @ 0x00000000033ac82c [0x00000000033abec0+0x96c]
J 181 C1 java.lang.ClassLoader.loadClass(Ljava/lang/String;Z)Ljava/lang/Class; (122 bytes) @ 0x00000000033ac5cc [0x00000000033abec0+0x70c]
j  sun.misc.Launcher$AppClassLoader.loadClass(Ljava/lang/String;Z)Ljava/lang/Class;+81
j  java.lang.ClassLoader.loadClass(Ljava/lang/String;)Ljava/lang/Class;+3
v  ~StubRoutines::call_stub
j  java.lang.ClassLoader.defineClass1(Ljava/lang/String;[BIILjava/security/ProtectionDomain;Ljava/lang/String;)Ljava/lang/Class;+0
j  java.lang.ClassLoader.defineClass(Ljava/lang/String;[BIILjava/security/ProtectionDomain;)Ljava/lang/Class;+27
j  java.security.SecureClassLoader.defineClass(Ljava/lang/String;[BIILjava/security/CodeSource;)Ljava/lang/Class;+12
j  java.net.URLClassLoader.defineClass(Ljava/lang/String;Lsun/misc/Resource;)Ljava/lang/Class;+138
j  java.net.URLClassLoader.access$100(Ljava/net/URLClassLoader;Ljava/lang/String;Lsun/misc/Resource;)Ljava/lang/Class;+3
j  java.net.URLClassLoader$1.run()Ljava/lang/Class;+43
j  java.net.URLClassLoader$1.run()Ljava/lang/Object;+1
v  ~StubRoutines::call_stub
j  java.security.AccessController.doPrivileged(Ljava/security/PrivilegedExceptionAction;Ljava/security/AccessControlContext;)Ljava/lang/Object;+0
j  java.net.URLClassLoader.findClass(Ljava/lang/String;)Ljava/lang/Class;+13
J 181 C1 java.lang.ClassLoader.loadClass(Ljava/lang/String;Z)Ljava/lang/Class; (122 bytes) @ 0x00000000033ac82c [0x00000000033abec0+0x96c]
j  sun.misc.Launcher$AppClassLoader.loadClass(Ljava/lang/String;Z)Ljava/lang/Class;+81
j  java.lang.ClassLoader.loadClass(Ljava/lang/String;)Ljava/lang/Class;+3
v  ~StubRoutines::call_stub
j  org.hibernate.boot.registry.selector.internal.StrategySelectorBuilder.addJtaPlatforms(Lorg/hibernate/boot/registry/selector/internal/StrategySelectorImpl;)V+2
j  org.hibernate.boot.registry.selector.internal.StrategySelectorBuilder.buildSelector(Lorg/hibernate/boot/registry/classloading/spi/ClassLoaderService;)Lorg/hibernate/boot/registry/selector/spi/StrategySelector;+16
j  org.hibernate.boot.registry.BootstrapServiceRegistryBuilder.build()Lorg/hibernate/boot/registry/BootstrapServiceRegistry;+77
j  org.hibernate.cfg.Configuration.<init>()V+8
j  hibernate.HibernateUtils.crearSession()Lorg/hibernate/SessionFactory;+6
j  hibernate.HibernateUtils.<clinit>()V+0
v  ~StubRoutines::call_stub
j  data.EmpleadoDAO.listarEmpleado()Ljava/util/List;+0
j  model.Test.main([Ljava/lang/String;)V+115
v  ~StubRoutines::call_stub

---------------  P R O C E S S  ---------------

Java Threads: ( => current thread )
  0x0000000017cd9000 JavaThread "Service Thread" daemon [_thread_blocked, id=7456, stack(0x0000000018820000,0x0000000018920000)]
  0x0000000017c4f800 JavaThread "C1 CompilerThread3" daemon [_thread_in_native, id=8340, stack(0x0000000018720000,0x0000000018820000)]
  0x0000000017c3f800 JavaThread "C2 CompilerThread2" daemon [_thread_blocked, id=4776, stack(0x0000000018620000,0x0000000018720000)]
  0x0000000017c3b800 JavaThread "C2 CompilerThread1" daemon [_thread_in_native, id=2664, stack(0x0000000018520000,0x0000000018620000)]
  0x0000000017c39000 JavaThread "C2 CompilerThread0" daemon [_thread_in_native, id=8984, stack(0x0000000018420000,0x0000000018520000)]
  0x0000000017c37800 JavaThread "Attach Listener" daemon [_thread_blocked, id=8048, stack(0x0000000018320000,0x0000000018420000)]
  0x0000000017c36000 JavaThread "Signal Dispatcher" daemon [_thread_blocked, id=10760, stack(0x0000000018220000,0x0000000018320000)]
  0x000000000323e800 JavaThread "Finalizer" daemon [_thread_blocked, id=6380, stack(0x0000000018010000,0x0000000018110000)]
  0x0000000003237000 JavaThread "Reference Handler" daemon [_thread_blocked, id=9412, stack(0x0000000017b10000,0x0000000017c10000)]
=>0x000000000313e000 JavaThread "main" [_thread_in_vm, id=10820, stack(0x0000000002f40000,0x0000000003040000)]

Other Threads:
  0x0000000015d39800 VMThread [stack: 0x0000000017a10000,0x0000000017b10000] [id=4336]
  0x0000000017cf6000 WatcherThread [stack: 0x0000000018cb0000,0x0000000018db0000] [id=4404]

VM state:not at safepoint (normal execution)

VM Mutex/Monitor currently owned by a thread: None

Heap:
 PSYoungGen      total 18944K, used 11688K [0x00000000eab80000, 0x00000000ec080000, 0x0000000100000000)
  eden space 16384K, 64% used [0x00000000eab80000,0x00000000eb5c5fc8,0x00000000ebb80000)
  from space 2560K, 45% used [0x00000000ebb80000,0x00000000ebca43d0,0x00000000ebe00000)
  to   space 2560K, 0% used [0x00000000ebe00000,0x00000000ebe00000,0x00000000ec080000)
 ParOldGen       total 44032K, used 8K [0x00000000c0200000, 0x00000000c2d00000, 0x00000000eab80000)
  object space 44032K, 0% used [0x00000000c0200000,0x00000000c0202000,0x00000000c2d00000)
 Metaspace       used 5207K, capacity 5674K, committed 5888K, reserved 1056768K
  class space    used 624K, capacity 658K, committed 768K, reserved 1048576K

Card table byte_map: [0x0000000012600000,0x0000000012800000] byte_map_base: 0x0000000011fff000

Marking Bits: (ParMarkBitMap*) 0x000000005c4ea6c0
 Begin Bits: [0x0000000013160000, 0x0000000014158000)
 End Bits:   [0x0000000014158000, 0x0000000015150000)

Polling page: 0x0000000001180000

CodeCache: size=245760Kb used=1592Kb max_used=1592Kb free=244167Kb
 bounds [0x0000000003240000, 0x00000000034b0000, 0x0000000012240000]
 total_blobs=510 nmethods=237 adapters=187
 compilation: enabled

Compilation events (10 events):
Event: 0.591 Thread 0x0000000017c4f800 nmethod 233 0x00000000033cb190 code [0x00000000033cb300, 0x00000000033cb6b0]
Event: 0.591 Thread 0x0000000017c4f800  232       1       java.util.Formatter$FixedString::index (3 bytes)
Event: 0.591 Thread 0x0000000017c4f800 nmethod 232 0x00000000033caed0 code [0x00000000033cb020, 0x00000000033cb130]
Event: 0.593 Thread 0x0000000017c4f800  235       3       java.util.concurrent.ConcurrentHashMap::get (162 bytes)
Event: 0.594 Thread 0x0000000017c4f800 nmethod 235 0x00000000033cd790 code [0x00000000033cd9a0, 0x00000000033ce518]
Event: 0.595 Thread 0x0000000017c4f800  236       3       sun.net.www.protocol.file.Handler::parseURL (18 bytes)
Event: 0.595 Thread 0x0000000017c4f800 nmethod 236 0x00000000033ca650 code [0x00000000033ca7c0, 0x00000000033caa38]
Event: 0.595 Thread 0x0000000017c4f800  237       3       java.net.URLStreamHandler::parseURL (1158 bytes)
Event: 0.598 Thread 0x0000000017c3b800  241  s!   4       sun.misc.URLClassPath::getLoader (197 bytes)
Event: 0.600 Thread 0x0000000017c39000  244  s    4       sun.misc.URLClassPath::getNextLoader (88 bytes)

GC Heap History (2 events):
Event: 0.448 GC heap before
{Heap before GC invocations=1 (full 0):
 PSYoungGen      total 18944K, used 16365K [0x00000000eab80000, 0x00000000ec080000, 0x0000000100000000)
  eden space 16384K, 99% used [0x00000000eab80000,0x00000000ebb7b5e8,0x00000000ebb80000)
  from space 2560K, 0% used [0x00000000ebe00000,0x00000000ebe00000,0x00000000ec080000)
  to   space 2560K, 0% used [0x00000000ebb80000,0x00000000ebb80000,0x00000000ebe00000)
 ParOldGen       total 44032K, used 0K [0x00000000c0200000, 0x00000000c2d00000, 0x00000000eab80000)
  object space 44032K, 0% used [0x00000000c0200000,0x00000000c0200000,0x00000000c2d00000)
 Metaspace       used 3741K, capacity 4614K, committed 4864K, reserved 1056768K
  class space    used 428K, capacity 430K, committed 512K, reserved 1048576K
Event: 0.451 GC heap after
Heap after GC invocations=1 (full 0):
 PSYoungGen      total 18944K, used 1168K [0x00000000eab80000, 0x00000000ec080000, 0x0000000100000000)
  eden space 16384K, 0% used [0x00000000eab80000,0x00000000eab80000,0x00000000ebb80000)
  from space 2560K, 45% used [0x00000000ebb80000,0x00000000ebca43d0,0x00000000ebe00000)
  to   space 2560K, 0% used [0x00000000ebe00000,0x00000000ebe00000,0x00000000ec080000)
 ParOldGen       total 44032K, used 8K [0x00000000c0200000, 0x00000000c2d00000, 0x00000000eab80000)
  object space 44032K, 0% used [0x00000000c0200000,0x00000000c0202000,0x00000000c2d00000)
 Metaspace       used 3741K, capacity 4614K, committed 4864K, reserved 1056768K
  class space    used 428K, capacity 430K, committed 512K, reserved 1048576K
}

Deoptimization events (0 events):
No events

Internal exceptions (7 events):
Event: 0.062 Thread 0x000000000313e000 Exception <a 'java/lang/NoSuchMethodError': Method sun.misc.Unsafe.defineClass(Ljava/lang/String;[BII)Ljava/lang/Class; name or signature does not match> (0x00000000eab87c78) thrown at [C:\re\workspace\8-2-build-windows-amd64-cygwin\jdk8u111\7883\hotspot\
Event: 0.062 Thread 0x000000000313e000 Exception <a 'java/lang/NoSuchMethodError': Method sun.misc.Unsafe.prefetchRead(Ljava/lang/Object;J)V name or signature does not match> (0x00000000eab87f60) thrown at [C:\re\workspace\8-2-build-windows-amd64-cygwin\jdk8u111\7883\hotspot\src\share\vm\prims
Event: 0.150 Thread 0x000000000313e000 Exception <a 'java/io/FileNotFoundException'> (0x00000000eabf58b8) thrown at [C:\re\workspace\8-2-build-windows-amd64-cygwin\jdk8u111\7883\hotspot\src\share\vm\prims\jni.cpp, line 709]
Event: 0.242 Thread 0x000000000313e000 Exception <a 'java/security/PrivilegedActionException'> (0x00000000eaca5788) thrown at [C:\re\workspace\8-2-build-windows-amd64-cygwin\jdk8u111\7883\hotspot\src\share\vm\prims\jvm.cpp, line 1386]
Event: 0.242 Thread 0x000000000313e000 Exception <a 'java/security/PrivilegedActionException'> (0x00000000eaca5b80) thrown at [C:\re\workspace\8-2-build-windows-amd64-cygwin\jdk8u111\7883\hotspot\src\share\vm\prims\jvm.cpp, line 1386]
Event: 0.243 Thread 0x000000000313e000 Exception <a 'java/security/PrivilegedActionException'> (0x00000000eaca99b0) thrown at [C:\re\workspace\8-2-build-windows-amd64-cygwin\jdk8u111\7883\hotspot\src\share\vm\prims\jvm.cpp, line 1386]
Event: 0.243 Thread 0x000000000313e000 Exception <a 'java/security/PrivilegedActionException'> (0x00000000eaca9da8) thrown at [C:\re\workspace\8-2-build-windows-amd64-cygwin\jdk8u111\7883\hotspot\src\share\vm\prims\jvm.cpp, line 1386]

Events (10 events):
Event: 0.598 loading class org/hibernate/dialect/TeradataDialect
Event: 0.598 loading class org/hibernate/dialect/TeradataDialect done
Event: 0.598 loading class org/hibernate/hql/spi/id/IdTableSupport
Event: 0.598 loading class org/hibernate/hql/spi/id/IdTableSupport done
Event: 0.599 loading class org/hibernate/dialect/TimesTenDialect
Event: 0.599 loading class org/hibernate/dialect/TimesTenDialect done
Event: 0.600 loading class org/hibernate/engine/transaction/jta/platform/internal/BorlandEnterpriseServerJtaPlatform
Event: 0.600 loading class org/hibernate/engine/transaction/jta/platform/internal/BorlandEnterpriseServerJtaPlatform done
Event: 0.600 loading class org/hibernate/engine/transaction/jta/platform/internal/AbstractJtaPlatform
Event: 0.600 loading class org/hibernate/engine/transaction/jta/platform/internal/AbstractJtaPlatform done


Dynamic libraries:
0x00007ff7d3ee0000 - 0x00007ff7d3f17000 	C:\Program Files\Java\jre1.8.0_111\bin\javaw.exe
0x00007ff9625b0000 - 0x00007ff962781000 	C:\Windows\SYSTEM32\ntdll.dll
0x00007ff95fda0000 - 0x00007ff95fe4b000 	C:\Windows\System32\KERNEL32.DLL
0x00007ff95eb40000 - 0x00007ff95ed5d000 	C:\Windows\System32\KERNELBASE.dll
0x00007ff961cd0000 - 0x00007ff961d72000 	C:\Windows\System32\ADVAPI32.dll
0x00007ff9605c0000 - 0x00007ff96065e000 	C:\Windows\System32\msvcrt.dll
0x00007ff95fb40000 - 0x00007ff95fb99000 	C:\Windows\System32\sechost.dll
0x00007ff95fc00000 - 0x00007ff95fd21000 	C:\Windows\System32\RPCRT4.dll
0x00007ff9623a0000 - 0x00007ff962505000 	C:\Windows\System32\USER32.dll
0x00007ff95ed60000 - 0x00007ff95ed7e000 	C:\Windows\System32\win32u.dll
0x00007ff960050000 - 0x00007ff960084000 	C:\Windows\System32\GDI32.dll
0x00007ff95f7e0000 - 0x00007ff95f962000 	C:\Windows\System32\gdi32full.dll
0x00007ff959610000 - 0x00007ff959889000 	C:\Windows\WinSxS\amd64_microsoft.windows.common-controls_6595b64144ccf1df_6.0.14393.447_none_42191651c6827bb3\COMCTL32.dll
0x00007ff9600a0000 - 0x00007ff960367000 	C:\Windows\System32\combase.dll
0x00007ff95eea0000 - 0x00007ff95ef95000 	C:\Windows\System32\ucrtbase.dll
0x00007ff95ee30000 - 0x00007ff95ee9a000 	C:\Windows\System32\bcryptPrimitives.dll
0x00007ff961e00000 - 0x00007ff961e2e000 	C:\Windows\System32\IMM32.DLL
0x000000005ced0000 - 0x000000005cfa2000 	C:\Program Files\Java\jre1.8.0_111\bin\msvcr100.dll
0x000000005bcd0000 - 0x000000005c56a000 	C:\Program Files\Java\jre1.8.0_111\bin\server\jvm.dll
0x00007ff960090000 - 0x00007ff960098000 	C:\Windows\System32\PSAPI.DLL
0x00007ff95ad70000 - 0x00007ff95ad79000 	C:\Windows\SYSTEM32\WSOCK32.dll
0x00007ff95c8d0000 - 0x00007ff95c8f3000 	C:\Windows\SYSTEM32\WINMM.dll
0x00007ff95a3c0000 - 0x00007ff95a3ca000 	C:\Windows\SYSTEM32\VERSION.dll
0x00007ff961d90000 - 0x00007ff961dfa000 	C:\Windows\System32\WS2_32.dll
0x0000000002d90000 - 0x0000000002dbb000 	C:\Windows\SYSTEM32\WINMMBASE.dll
0x00007ff95f000000 - 0x00007ff95f042000 	C:\Windows\System32\cfgmgr32.dll
0x000000005d190000 - 0x000000005d19f000 	C:\Program Files\Java\jre1.8.0_111\bin\verify.dll
0x000000005d160000 - 0x000000005d189000 	C:\Program Files\Java\jre1.8.0_111\bin\java.dll
0x000000005d140000 - 0x000000005d156000 	C:\Program Files\Java\jre1.8.0_111\bin\zip.dll
0x00007ff960660000 - 0x00007ff961b69000 	C:\Windows\System32\SHELL32.dll
0x00007ff95f050000 - 0x00007ff95f72a000 	C:\Windows\System32\windows.storage.dll
0x00007ff95ea10000 - 0x00007ff95ea5c000 	C:\Windows\System32\powrprof.dll
0x00007ff95fd30000 - 0x00007ff95fd82000 	C:\Windows\System32\shlwapi.dll
0x00007ff95ea60000 - 0x00007ff95ea6f000 	C:\Windows\System32\kernel.appcore.dll
0x00007ff95ed80000 - 0x00007ff95ee29000 	C:\Windows\System32\shcore.dll
0x00007ff95ea70000 - 0x00007ff95ea84000 	C:\Windows\System32\profapi.dll

VM Arguments:
jvm_args: -Dfile.encoding=Cp1252 
java_command: model.Test
java_class_path (initial): C:\Users\ricar\Documents\Escuelita Java Accenture\HibernateWebProject\target\classes;C:\Program Files (x86)\Develop\apache-tomcat-8.5.8\lib\annotations-api.jar;C:\Program Files (x86)\Develop\apache-tomcat-8.5.8\lib\catalina-ant.jar;C:\Program Files (x86)\Develop\apache-tomcat-8.5.8\lib\catalina-ha.jar;C:\Program Files (x86)\Develop\apache-tomcat-8.5.8\lib\catalina-storeconfig.jar;C:\Program Files (x86)\Develop\apache-tomcat-8.5.8\lib\catalina-tribes.jar;C:\Program Files (x86)\Develop\apache-tomcat-8.5.8\lib\catalina.jar;C:\Program Files (x86)\Develop\apache-tomcat-8.5.8\lib\ecj-4.5.1.jar;C:\Program Files (x86)\Develop\apache-tomcat-8.5.8\lib\el-api.jar;C:\Program Files (x86)\Develop\apache-tomcat-8.5.8\lib\jasper-el.jar;C:\Program Files (x86)\Develop\apache-tomcat-8.5.8\lib\jasper.jar;C:\Program Files (x86)\Develop\apache-tomcat-8.5.8\lib\jaspic-api.jar;C:\Program Files (x86)\Develop\apache-tomcat-8.5.8\lib\jsp-api.jar;C:\Program Files (x86)\Develop\apache-tomcat-8.5.8\lib\servlet-api.jar;C:\Program Files (x86)\Develop\apache-tomcat-8.5.8\lib\tomcat-api.jar;C:\Program Files (x86)\Develop\apache-tomcat-8.5.8\lib\tomcat-coyote.jar;C:\Program Files (x86)\Develop\apache-tomcat-8.5.8\lib\tomcat-dbcp.jar;C:\Program Files (x86)\Develop\apache-tomcat-8.5.8\lib\tomcat-i18n-es.jar;C:\Program Files (x86)\Develop\apache-tomcat-8.5.8\lib\tomcat-i18n-fr.jar;C:\Program Files (x86)\Develop\apache-tomcat-8.5.8\lib\tomcat-i18n-ja.jar;C:\Program Files (x86)\Develop\apache-tomcat-8.5.8\lib\tomcat-jdbc.jar;C:\Program Files (x86)\Develop\apache-tomcat-8.5.8\lib\tomcat-jni.jar;C:\Program Files (x86)\Develop\apache-tomcat-8.5.8\lib\tomcat-util-scan.jar;C:\Program Files (x86)\Develop\apache-tomcat-8.5.8\lib\tomcat-util.jar;C:\Program Files (x86)\Develop\apache-tomcat-8.5.8\lib\tomcat-websocket.jar;C:\Program Files (x86)\Develop\apache-tomcat-8.5.8\lib\websocket-api.jar;C:\Users\ricar\.m2\repository\mysql\mysql-connector-java\5.1.38\mysql-connector-java-5.1.38.ja
Launcher Type: SUN_STANDARD

Environment Variables:
PATH=C:/Program Files/Java/jre1.8.0_111/bin/server;C:/Program Files/Java/jre1.8.0_111/bin;C:/Program Files/Java/jre1.8.0_111/lib/amd64;C:\ProgramData\Oracle\Java\javapath;C:\Program Files (x86)\NVIDIA Corporation\PhysX\Common;C:\Windows\system32;C:\Windows;C:\Windows\System32\Wbem;C:\Windows\System32\WindowsPowerShell\v1.0\;C:\Program Files\MySQL\MySQL Utilities 1.6\;C:\Users\ricar\AppData\Local\Microsoft\WindowsApps;;C:\Program Files (x86)\Develop\Eclipse;
USERNAME=ricar
OS=Windows_NT
PROCESSOR_IDENTIFIER=Intel64 Family 6 Model 30 Stepping 5, GenuineIntel



---------------  S Y S T E M  ---------------

OS: Windows 10.0 , 64 bit Build 14393 (10.0.14393.0)

CPU:total 8 (4 cores per cpu, 2 threads per core) family 6 model 30 stepping 5, cmov, cx8, fxsr, mmx, sse, sse2, sse3, ssse3, sse4.1, sse4.2, popcnt, ht, tsc, tscinvbit

Memory: 4k page, physical 4184952k(572652k free), swap 5624696k(3672k free)

vm_info: Java HotSpot(TM) 64-Bit Server VM (25.111-b14) for windows-amd64 JRE (1.8.0_111-b14), built on Sep 22 2016 19:24:05 by "java_re" with MS VC++ 10.0 (VS2010)

time: Fri Dec 09 18:49:27 2016
elapsed time: 0 seconds (0d 0h 0m 0s)

